Using TensorFlow backend.
WARNING:tensorflow:From /home/abounasm/.conda/envs/udem/lib/python3.7/site-packages/tensorflow/python/data/ops/dataset_ops.py:1419: colocate_with (from tensorflow.python.framework.ops) is deprecated and will be removed in a future version.
Instructions for updating:
Colocations handled automatically by placer.
Configuration:
{'LN': True,
 'beta1': 0.9,
 'beta2': 0.999,
 'data_path': 'tasks/en-valid-10k',
 'decay_factor': 0.5,
 'decay_thresh': 0.1,
 'do_decay': True,
 'do_warm_up': True,
 'entity_size': 90,
 'hidden_size': 40,
 'init_limit': 0.1,
 'learning_rate': 0.001,
 'log_folder': 'logs/default/0/',
 'log_keyword': 'default',
 'max_gradient_norm': 5.0,
 'role_size': 20,
 'symbol_size': 179,
 'task_id': 0,
 'tt_rank': 5,
 'vocab_size': 179,
 'warm_up_factor': 0.1,
 'warm_up_steps': 50}

WARNING:tensorflow:From /scratch/abounasm/ift6760/tpr_rnn_graph.py:241: dynamic_rnn (from tensorflow.python.ops.rnn) is deprecated and will be removed in a future version.
Instructions for updating:
Please use `keras.layers.RNN(cell)`, which is equivalent to this API
WARNING:tensorflow:From /home/abounasm/.conda/envs/udem/lib/python3.7/site-packages/tensorflow/python/ops/rnn.py:626: to_int32 (from tensorflow.python.ops.math_ops) is deprecated and will be removed in a future version.
Instructions for updating:
Use tf.cast instead.
WARNING:tensorflow:From /home/abounasm/.conda/envs/udem/lib/python3.7/site-packages/tensorflow/python/ops/losses/losses_impl.py:209: to_float (from tensorflow.python.ops.math_ops) is deprecated and will be removed in a future version.
Instructions for updating:
Use tf.cast instead.
all trainable tensorflow variables:
[<tf.Variable 'variables/word_embedding:0' shape=(179, 179) dtype=float32_ref>,
 <tf.Variable 'variables/story_position_embedding:0' shape=(12, 179) dtype=float32_ref>,
 <tf.Variable 'variables/output_embedding:0' shape=(90, 179) dtype=float32_ref>,
 <tf.Variable 'model/update_module/story_entity/W1_net0_w:0' shape=(179, 40) dtype=float32_ref>,
 <tf.Variable 'model/update_module/story_entity/W1_net0_b:0' shape=(40,) dtype=float32_ref>,
 <tf.Variable 'model/update_module/story_entity/W2_net0_w:0' shape=(40, 90) dtype=float32_ref>,
 <tf.Variable 'model/update_module/story_entity/W2_net0_b:0' shape=(90,) dtype=float32_ref>,
 <tf.Variable 'model/update_module/story_entity/W1_net1_w:0' shape=(179, 40) dtype=float32_ref>,
 <tf.Variable 'model/update_module/story_entity/W1_net1_b:0' shape=(40,) dtype=float32_ref>,
 <tf.Variable 'model/update_module/story_entity/W2_net1_w:0' shape=(40, 90) dtype=float32_ref>,
 <tf.Variable 'model/update_module/story_entity/W2_net1_b:0' shape=(90,) dtype=float32_ref>,
 <tf.Variable 'model/update_module/story_roles/W1_net0_w:0' shape=(179, 40) dtype=float32_ref>,
 <tf.Variable 'model/update_module/story_roles/W1_net0_b:0' shape=(40,) dtype=float32_ref>,
 <tf.Variable 'model/update_module/story_roles/W2_net0_w:0' shape=(40, 20) dtype=float32_ref>,
 <tf.Variable 'model/update_module/story_roles/W2_net0_b:0' shape=(20,) dtype=float32_ref>,
 <tf.Variable 'model/update_module/story_roles/W1_net1_w:0' shape=(179, 40) dtype=float32_ref>,
 <tf.Variable 'model/update_module/story_roles/W1_net1_b:0' shape=(40,) dtype=float32_ref>,
 <tf.Variable 'model/update_module/story_roles/W2_net1_w:0' shape=(40, 20) dtype=float32_ref>,
 <tf.Variable 'model/update_module/story_roles/W2_net1_b:0' shape=(20,) dtype=float32_ref>,
 <tf.Variable 'model/update_module/story_roles/W1_net2_w:0' shape=(179, 40) dtype=float32_ref>,
 <tf.Variable 'model/update_module/story_roles/W1_net2_b:0' shape=(40,) dtype=float32_ref>,
 <tf.Variable 'model/update_module/story_roles/W2_net2_w:0' shape=(40, 20) dtype=float32_ref>,
 <tf.Variable 'model/update_module/story_roles/W2_net2_b:0' shape=(20,) dtype=float32_ref>,
 <tf.Variable 'model/inference_module/query_entity/W1_net0_w:0' shape=(179, 40) dtype=float32_ref>,
 <tf.Variable 'model/inference_module/query_entity/W1_net0_b:0' shape=(40,) dtype=float32_ref>,
 <tf.Variable 'model/inference_module/query_entity/W2_net0_w:0' shape=(40, 90) dtype=float32_ref>,
 <tf.Variable 'model/inference_module/query_entity/W2_net0_b:0' shape=(90,) dtype=float32_ref>,
 <tf.Variable 'model/inference_module/query_entity/W1_net1_w:0' shape=(179, 40) dtype=float32_ref>,
 <tf.Variable 'model/inference_module/query_entity/W1_net1_b:0' shape=(40,) dtype=float32_ref>,
 <tf.Variable 'model/inference_module/query_entity/W2_net1_w:0' shape=(40, 90) dtype=float32_ref>,
 <tf.Variable 'model/inference_module/query_entity/W2_net1_b:0' shape=(90,) dtype=float32_ref>,
 <tf.Variable 'model/inference_module/query_roles/W1_net0_w:0' shape=(179, 40) dtype=float32_ref>,
 <tf.Variable 'model/inference_module/query_roles/W1_net0_b:0' shape=(40,) dtype=float32_ref>,
 <tf.Variable 'model/inference_module/query_roles/W2_net0_w:0' shape=(40, 20) dtype=float32_ref>,
 <tf.Variable 'model/inference_module/query_roles/W2_net0_b:0' shape=(20,) dtype=float32_ref>,
 <tf.Variable 'model/inference_module/query_roles/W1_net1_w:0' shape=(179, 40) dtype=float32_ref>,
 <tf.Variable 'model/inference_module/query_roles/W1_net1_b:0' shape=(40,) dtype=float32_ref>,
 <tf.Variable 'model/inference_module/query_roles/W2_net1_w:0' shape=(40, 20) dtype=float32_ref>,
 <tf.Variable 'model/inference_module/query_roles/W2_net1_b:0' shape=(20,) dtype=float32_ref>,
 <tf.Variable 'model/inference_module/query_roles/W1_net2_w:0' shape=(179, 40) dtype=float32_ref>,
 <tf.Variable 'model/inference_module/query_roles/W1_net2_b:0' shape=(40,) dtype=float32_ref>,
 <tf.Variable 'model/inference_module/query_roles/W2_net2_w:0' shape=(40, 20) dtype=float32_ref>,
 <tf.Variable 'model/inference_module/query_roles/W2_net2_b:0' shape=(20,) dtype=float32_ref>,
 <tf.Variable 'model/inference_module/one_step/LN_gain:0' shape=(1,) dtype=float32_ref>,
 <tf.Variable 'model/inference_module/one_step/LN_bias:0' shape=(1,) dtype=float32_ref>,
 <tf.Variable 'model/inference_module/two_step/LN_gain:0' shape=(1,) dtype=float32_ref>,
 <tf.Variable 'model/inference_module/two_step/LN_bias:0' shape=(1,) dtype=float32_ref>,
 <tf.Variable 'model/inference_module/three_step/LN_gain:0' shape=(1,) dtype=float32_ref>,
 <tf.Variable 'model/inference_module/three_step/LN_bias:0' shape=(1,) dtype=float32_ref>]
total number of trainable parameters: 141985 

2019-04-23 22:25:32.265246: I tensorflow/core/platform/cpu_feature_guard.cc:141] Your CPU supports instructions that this TensorFlow binary was not compiled to use: SSE4.1 SSE4.2 AVX AVX2 FMA
2019-04-23 22:25:32.702559: I tensorflow/core/platform/profile_utils/cpu_utils.cc:94] CPU Frequency: 2199845000 Hz
2019-04-23 22:25:32.750224: I tensorflow/compiler/xla/service/service.cc:150] XLA service 0x5623ad6b0e30 executing computations on platform Host. Devices:
2019-04-23 22:25:32.754438: I tensorflow/compiler/xla/service/service.cc:158]   StreamExecutor device (0): <undefined>, <undefined>
2019-04-23 22:25:33.153057: I tensorflow/compiler/xla/service/service.cc:150] XLA service 0x5623ad6292c0 executing computations on platform CUDA. Devices:
2019-04-23 22:25:33.153154: I tensorflow/compiler/xla/service/service.cc:158]   StreamExecutor device (0): Tesla P100-PCIE-12GB, Compute Capability 6.0
2019-04-23 22:25:33.154054: I tensorflow/core/common_runtime/gpu/gpu_device.cc:1433] Found device 0 with properties: 
name: Tesla P100-PCIE-12GB major: 6 minor: 0 memoryClockRate(GHz): 1.3285
pciBusID: 0000:03:00.0
totalMemory: 11.91GiB freeMemory: 11.66GiB
2019-04-23 22:25:33.154116: I tensorflow/core/common_runtime/gpu/gpu_device.cc:1512] Adding visible gpu devices: 0
2019-04-23 22:25:33.155779: I tensorflow/core/common_runtime/gpu/gpu_device.cc:984] Device interconnect StreamExecutor with strength 1 edge matrix:
2019-04-23 22:25:33.155830: I tensorflow/core/common_runtime/gpu/gpu_device.cc:990]      0 
2019-04-23 22:25:33.155866: I tensorflow/core/common_runtime/gpu/gpu_device.cc:1003] 0:   N 
2019-04-23 22:25:33.156679: I tensorflow/core/common_runtime/gpu/gpu_device.cc:1115] Created TensorFlow device (/job:localhost/replica:0/task:0/device:GPU:0 with 11338 MB memory) -> physical GPU (device: 0, name: Tesla P100-PCIE-12GB, pci bus id: 0000:03:00.0, compute capability: 6.0)
2019-04-23 22:27:39.761931: I tensorflow/stream_executor/dso_loader.cc:152] successfully opened CUDA library libcublas.so.9.0 locally
2019-04-23 22:27:41.938072: I tensorflow/stream_executor/dso_loader.cc:152] successfully opened CUDA library libcupti.so.9.0 locally
2019-04-23 22:27:42.315727: I tensorflow/core/kernels/cuda_solvers.cc:159] Creating CudaSolver handles for stream 0x5623ad642640
   0: cost=5.4709, accuracy= 0.0000, norm=32.600, lr=0.0001 (epochs=0.0, steps/min= 0, stories/min= 0)
   1: cost=5.1259, accuracy= 0.0312, norm=05.819, lr=0.0001 (epochs=0.0, steps/min= 1, stories/min=19)
   2: cost=4.9752, accuracy= 0.0312, norm=04.388, lr=0.0001 (epochs=0.0, steps/min= 0, stories/min= 7)
   3: cost=5.0102, accuracy= 0.0312, norm=03.224, lr=0.0001 (epochs=0.0, steps/min= 1, stories/min=18)
   4: cost=4.8175, accuracy= 0.0312, norm=03.185, lr=0.0001 (epochs=0.0, steps/min= 1, stories/min=26)
   5: cost=4.7698, accuracy= 0.0000, norm=04.301, lr=0.0001 (epochs=0.0, steps/min= 0, stories/min=14)
   6: cost=4.7487, accuracy= 0.0000, norm=03.169, lr=0.0001 (epochs=0.0, steps/min= 0, stories/min= 7)
   7: cost=4.6332, accuracy= 0.0938, norm=02.611, lr=0.0001 (epochs=0.0, steps/min= 0, stories/min=13)
   8: cost=4.4875, accuracy= 0.0938, norm=02.906, lr=0.0001 (epochs=0.0, steps/min= 0, stories/min= 7)
   9: cost=4.3107, accuracy= 0.0000, norm=04.730, lr=0.0001 (epochs=0.0, steps/min= 1, stories/min=20)
  10: cost=4.2709, accuracy= 0.0938, norm=02.801, lr=0.0001 (epochs=0.0, steps/min= 0, stories/min= 7)
  11: cost=4.0584, accuracy= 0.0312, norm=04.362, lr=0.0001 (epochs=0.0, steps/min= 1, stories/min=20)
  12: cost=3.7971, accuracy= 0.0625, norm=03.695, lr=0.0001 (epochs=0.0, steps/min= 1, stories/min=36)
  13: cost=3.9136, accuracy= 0.0938, norm=04.996, lr=0.0001 (epochs=0.0, steps/min= 0, stories/min=13)
  14: cost=3.7783, accuracy= 0.0625, norm=03.348, lr=0.0001 (epochs=0.0, steps/min= 0, stories/min= 7)
  15: cost=3.7977, accuracy= 0.1250, norm=03.772, lr=0.0001 (epochs=0.0, steps/min= 0, stories/min= 7)
  16: cost=3.8950, accuracy= 0.0312, norm=07.501, lr=0.0001 (epochs=0.0, steps/min= 1, stories/min=22)
  17: cost=3.6547, accuracy= 0.0938, norm=04.976, lr=0.0001 (epochs=0.0, steps/min= 0, stories/min= 7)
  18: cost=3.4721, accuracy= 0.0625, norm=05.963, lr=0.0001 (epochs=0.0, steps/min= 0, stories/min=11)
  19: cost=4.0890, accuracy= 0.0938, norm=04.072, lr=0.0001 (epochs=0.0, steps/min= 0, stories/min= 7)
  20: cost=3.9489, accuracy= 0.0625, norm=06.095, lr=0.0001 (epochs=0.0, steps/min= 0, stories/min= 8)
  21: cost=3.7018, accuracy= 0.0000, norm=05.625, lr=0.0001 (epochs=0.0, steps/min= 0, stories/min= 7)
  22: cost=4.1216, accuracy= 0.1250, norm=05.495, lr=0.0001 (epochs=0.0, steps/min= 0, stories/min=15)
  23: cost=3.1374, accuracy= 0.1875, norm=03.730, lr=0.0001 (epochs=0.0, steps/min= 0, stories/min=11)
  24: cost=3.2331, accuracy= 0.1875, norm=02.996, lr=0.0001 (epochs=0.0, steps/min= 1, stories/min=19)
  25: cost=3.2878, accuracy= 0.2188, norm=05.025, lr=0.0001 (epochs=0.0, steps/min= 0, stories/min=13)
  26: cost=2.7566, accuracy= 0.3438, norm=03.926, lr=0.0001 (epochs=0.0, steps/min= 0, stories/min= 7)
  27: cost=3.1661, accuracy= 0.2812, norm=05.450, lr=0.0001 (epochs=0.0, steps/min= 0, stories/min=12)
  28: cost=3.1202, accuracy= 0.3750, norm=04.227, lr=0.0001 (epochs=0.0, steps/min= 0, stories/min= 7)
  29: cost=3.1781, accuracy= 0.0625, norm=04.214, lr=0.0001 (epochs=0.0, steps/min= 0, stories/min= 7)
  30: cost=3.2790, accuracy= 0.2188, norm=02.767, lr=0.0001 (epochs=0.0, steps/min= 0, stories/min= 7)
  31: cost=3.1860, accuracy= 0.2188, norm=03.051, lr=0.0001 (epochs=0.0, steps/min= 0, stories/min= 7)
  32: cost=3.3126, accuracy= 0.2500, norm=04.175, lr=0.0001 (epochs=0.0, steps/min= 0, stories/min= 7)
  33: cost=3.0269, accuracy= 0.1562, norm=02.832, lr=0.0001 (epochs=0.0, steps/min= 0, stories/min= 7)
  34: cost=2.9712, accuracy= 0.1875, norm=04.359, lr=0.0001 (epochs=0.0, steps/min= 0, stories/min= 9)
  35: cost=2.8128, accuracy= 0.2500, norm=03.780, lr=0.0001 (epochs=0.0, steps/min= 1, stories/min=23)
  36: cost=2.6317, accuracy= 0.2812, norm=03.347, lr=0.0001 (epochs=0.0, steps/min= 1, stories/min=17)
  37: cost=2.6797, accuracy= 0.4062, norm=03.777, lr=0.0001 (epochs=0.0, steps/min= 1, stories/min=31)
  38: cost=3.1555, accuracy= 0.1250, norm=07.656, lr=0.0001 (epochs=0.0, steps/min= 0, stories/min= 9)
  39: cost=2.8774, accuracy= 0.1875, norm=04.119, lr=0.0001 (epochs=0.0, steps/min= 1, stories/min=25)
  40: cost=2.4257, accuracy= 0.3125, norm=03.221, lr=0.0001 (epochs=0.0, steps/min= 0, stories/min= 7)
  41: cost=2.3405, accuracy= 0.3125, norm=02.792, lr=0.0001 (epochs=0.0, steps/min= 0, stories/min= 7)
  42: cost=3.0056, accuracy= 0.3125, norm=03.916, lr=0.0001 (epochs=0.0, steps/min= 0, stories/min= 8)
  43: cost=3.0790, accuracy= 0.2188, norm=04.831, lr=0.0001 (epochs=0.0, steps/min= 0, stories/min=15)
  44: cost=2.8673, accuracy= 0.1875, norm=03.333, lr=0.0001 (epochs=0.0, steps/min= 0, stories/min=15)
  45: cost=2.8165, accuracy= 0.2188, norm=04.072, lr=0.0001 (epochs=0.0, steps/min= 0, stories/min=14)
  46: cost=2.9504, accuracy= 0.0938, norm=04.521, lr=0.0001 (epochs=0.0, steps/min= 1, stories/min=20)
  47: cost=3.1937, accuracy= 0.1875, norm=02.715, lr=0.0001 (epochs=0.0, steps/min= 0, stories/min=15)
  48: cost=2.9112, accuracy= 0.1875, norm=03.663, lr=0.0001 (epochs=0.0, steps/min= 1, stories/min=16)
  49: cost=2.6107, accuracy= 0.1875, norm=03.653, lr=0.0001 (epochs=0.0, steps/min= 0, stories/min= 7)
slurmstepd: error: *** JOB 20075388 ON cdr338 CANCELLED AT 2019-04-24T08:21:44 DUE TO TIME LIMIT ***
