Using TensorFlow backend.
WARNING:tensorflow:From /home/abounasm/.conda/envs/udem/lib/python3.7/site-packages/tensorflow/python/data/ops/dataset_ops.py:1419: colocate_with (from tensorflow.python.framework.ops) is deprecated and will be removed in a future version.
Instructions for updating:
Colocations handled automatically by placer.
Configuration:
{'LN': True,
 'beta1': 0.9,
 'beta2': 0.999,
 'data_path': 'tasks/en-valid-10k',
 'decay_factor': 0.5,
 'decay_thresh': 0.1,
 'do_decay': True,
 'do_warm_up': True,
 'entity_size': 90,
 'hidden_size': 40,
 'init_limit': 0.1,
 'learning_rate': 0.001,
 'log_folder': 'logs/default/0/',
 'log_keyword': 'default',
 'max_gradient_norm': 5.0,
 'role_size': 20,
 'symbol_size': 179,
 'task_id': 0,
 'tt_rank': 20,
 'vocab_size': 179,
 'warm_up_factor': 0.1,
 'warm_up_steps': 50}

WARNING:tensorflow:From /scratch/abounasm/ift6760/tpr_rnn_graph.py:241: dynamic_rnn (from tensorflow.python.ops.rnn) is deprecated and will be removed in a future version.
Instructions for updating:
Please use `keras.layers.RNN(cell)`, which is equivalent to this API
WARNING:tensorflow:From /home/abounasm/.conda/envs/udem/lib/python3.7/site-packages/tensorflow/python/ops/rnn.py:626: to_int32 (from tensorflow.python.ops.math_ops) is deprecated and will be removed in a future version.
Instructions for updating:
Use tf.cast instead.
WARNING:tensorflow:From /home/abounasm/.conda/envs/udem/lib/python3.7/site-packages/tensorflow/python/ops/losses/losses_impl.py:209: to_float (from tensorflow.python.ops.math_ops) is deprecated and will be removed in a future version.
Instructions for updating:
Use tf.cast instead.
all trainable tensorflow variables:
[<tf.Variable 'variables/word_embedding:0' shape=(179, 179) dtype=float32_ref>,
 <tf.Variable 'variables/story_position_embedding:0' shape=(12, 179) dtype=float32_ref>,
 <tf.Variable 'variables/output_embedding:0' shape=(90, 179) dtype=float32_ref>,
 <tf.Variable 'model/update_module/story_entity/W1_net0_w:0' shape=(179, 40) dtype=float32_ref>,
 <tf.Variable 'model/update_module/story_entity/W1_net0_b:0' shape=(40,) dtype=float32_ref>,
 <tf.Variable 'model/update_module/story_entity/W2_net0_w:0' shape=(40, 90) dtype=float32_ref>,
 <tf.Variable 'model/update_module/story_entity/W2_net0_b:0' shape=(90,) dtype=float32_ref>,
 <tf.Variable 'model/update_module/story_entity/W1_net1_w:0' shape=(179, 40) dtype=float32_ref>,
 <tf.Variable 'model/update_module/story_entity/W1_net1_b:0' shape=(40,) dtype=float32_ref>,
 <tf.Variable 'model/update_module/story_entity/W2_net1_w:0' shape=(40, 90) dtype=float32_ref>,
 <tf.Variable 'model/update_module/story_entity/W2_net1_b:0' shape=(90,) dtype=float32_ref>,
 <tf.Variable 'model/update_module/story_roles/W1_net0_w:0' shape=(179, 40) dtype=float32_ref>,
 <tf.Variable 'model/update_module/story_roles/W1_net0_b:0' shape=(40,) dtype=float32_ref>,
 <tf.Variable 'model/update_module/story_roles/W2_net0_w:0' shape=(40, 20) dtype=float32_ref>,
 <tf.Variable 'model/update_module/story_roles/W2_net0_b:0' shape=(20,) dtype=float32_ref>,
 <tf.Variable 'model/update_module/story_roles/W1_net1_w:0' shape=(179, 40) dtype=float32_ref>,
 <tf.Variable 'model/update_module/story_roles/W1_net1_b:0' shape=(40,) dtype=float32_ref>,
 <tf.Variable 'model/update_module/story_roles/W2_net1_w:0' shape=(40, 20) dtype=float32_ref>,
 <tf.Variable 'model/update_module/story_roles/W2_net1_b:0' shape=(20,) dtype=float32_ref>,
 <tf.Variable 'model/update_module/story_roles/W1_net2_w:0' shape=(179, 40) dtype=float32_ref>,
 <tf.Variable 'model/update_module/story_roles/W1_net2_b:0' shape=(40,) dtype=float32_ref>,
 <tf.Variable 'model/update_module/story_roles/W2_net2_w:0' shape=(40, 20) dtype=float32_ref>,
 <tf.Variable 'model/update_module/story_roles/W2_net2_b:0' shape=(20,) dtype=float32_ref>,
 <tf.Variable 'model/inference_module/query_entity/W1_net0_w:0' shape=(179, 40) dtype=float32_ref>,
 <tf.Variable 'model/inference_module/query_entity/W1_net0_b:0' shape=(40,) dtype=float32_ref>,
 <tf.Variable 'model/inference_module/query_entity/W2_net0_w:0' shape=(40, 90) dtype=float32_ref>,
 <tf.Variable 'model/inference_module/query_entity/W2_net0_b:0' shape=(90,) dtype=float32_ref>,
 <tf.Variable 'model/inference_module/query_entity/W1_net1_w:0' shape=(179, 40) dtype=float32_ref>,
 <tf.Variable 'model/inference_module/query_entity/W1_net1_b:0' shape=(40,) dtype=float32_ref>,
 <tf.Variable 'model/inference_module/query_entity/W2_net1_w:0' shape=(40, 90) dtype=float32_ref>,
 <tf.Variable 'model/inference_module/query_entity/W2_net1_b:0' shape=(90,) dtype=float32_ref>,
 <tf.Variable 'model/inference_module/query_roles/W1_net0_w:0' shape=(179, 40) dtype=float32_ref>,
 <tf.Variable 'model/inference_module/query_roles/W1_net0_b:0' shape=(40,) dtype=float32_ref>,
 <tf.Variable 'model/inference_module/query_roles/W2_net0_w:0' shape=(40, 20) dtype=float32_ref>,
 <tf.Variable 'model/inference_module/query_roles/W2_net0_b:0' shape=(20,) dtype=float32_ref>,
 <tf.Variable 'model/inference_module/query_roles/W1_net1_w:0' shape=(179, 40) dtype=float32_ref>,
 <tf.Variable 'model/inference_module/query_roles/W1_net1_b:0' shape=(40,) dtype=float32_ref>,
 <tf.Variable 'model/inference_module/query_roles/W2_net1_w:0' shape=(40, 20) dtype=float32_ref>,
 <tf.Variable 'model/inference_module/query_roles/W2_net1_b:0' shape=(20,) dtype=float32_ref>,
 <tf.Variable 'model/inference_module/query_roles/W1_net2_w:0' shape=(179, 40) dtype=float32_ref>,
 <tf.Variable 'model/inference_module/query_roles/W1_net2_b:0' shape=(40,) dtype=float32_ref>,
 <tf.Variable 'model/inference_module/query_roles/W2_net2_w:0' shape=(40, 20) dtype=float32_ref>,
 <tf.Variable 'model/inference_module/query_roles/W2_net2_b:0' shape=(20,) dtype=float32_ref>,
 <tf.Variable 'model/inference_module/one_step/LN_gain:0' shape=(1,) dtype=float32_ref>,
 <tf.Variable 'model/inference_module/one_step/LN_bias:0' shape=(1,) dtype=float32_ref>,
 <tf.Variable 'model/inference_module/two_step/LN_gain:0' shape=(1,) dtype=float32_ref>,
 <tf.Variable 'model/inference_module/two_step/LN_bias:0' shape=(1,) dtype=float32_ref>,
 <tf.Variable 'model/inference_module/three_step/LN_gain:0' shape=(1,) dtype=float32_ref>,
 <tf.Variable 'model/inference_module/three_step/LN_bias:0' shape=(1,) dtype=float32_ref>]
total number of trainable parameters: 141985 

2019-04-23 23:35:35.764301: I tensorflow/core/platform/cpu_feature_guard.cc:141] Your CPU supports instructions that this TensorFlow binary was not compiled to use: SSE4.1 SSE4.2 AVX AVX2 FMA
2019-04-23 23:35:38.007595: I tensorflow/core/platform/profile_utils/cpu_utils.cc:94] CPU Frequency: 2199945000 Hz
2019-04-23 23:35:38.322563: I tensorflow/compiler/xla/service/service.cc:150] XLA service 0x562c58ba5d70 executing computations on platform Host. Devices:
2019-04-23 23:35:38.378296: I tensorflow/compiler/xla/service/service.cc:158]   StreamExecutor device (0): <undefined>, <undefined>
2019-04-23 23:35:38.580215: I tensorflow/compiler/xla/service/service.cc:150] XLA service 0x562c58c84a20 executing computations on platform CUDA. Devices:
2019-04-23 23:35:38.580335: I tensorflow/compiler/xla/service/service.cc:158]   StreamExecutor device (0): Tesla P100-PCIE-12GB, Compute Capability 6.0
2019-04-23 23:35:38.581232: I tensorflow/core/common_runtime/gpu/gpu_device.cc:1433] Found device 0 with properties: 
name: Tesla P100-PCIE-12GB major: 6 minor: 0 memoryClockRate(GHz): 1.3285
pciBusID: 0000:03:00.0
totalMemory: 11.91GiB freeMemory: 11.66GiB
2019-04-23 23:35:38.581292: I tensorflow/core/common_runtime/gpu/gpu_device.cc:1512] Adding visible gpu devices: 0
2019-04-23 23:35:38.582876: I tensorflow/core/common_runtime/gpu/gpu_device.cc:984] Device interconnect StreamExecutor with strength 1 edge matrix:
2019-04-23 23:35:38.582926: I tensorflow/core/common_runtime/gpu/gpu_device.cc:990]      0 
2019-04-23 23:35:38.582961: I tensorflow/core/common_runtime/gpu/gpu_device.cc:1003] 0:   N 
2019-04-23 23:35:38.583763: I tensorflow/core/common_runtime/gpu/gpu_device.cc:1115] Created TensorFlow device (/job:localhost/replica:0/task:0/device:GPU:0 with 11338 MB memory) -> physical GPU (device: 0, name: Tesla P100-PCIE-12GB, pci bus id: 0000:03:00.0, compute capability: 6.0)
2019-04-23 23:40:40.268574: I tensorflow/stream_executor/dso_loader.cc:152] successfully opened CUDA library libcublas.so.9.0 locally
2019-04-23 23:40:56.008054: I tensorflow/stream_executor/dso_loader.cc:152] successfully opened CUDA library libcupti.so.9.0 locally
2019-04-23 23:40:57.762010: I tensorflow/core/kernels/cuda_solvers.cc:159] Creating CudaSolver handles for stream 0x562c58b70570
   0: cost=5.3031, accuracy= 0.0000, norm=20.256, lr=0.0001 (epochs=0.0, steps/min= 0, stories/min= 0)
   1: cost=5.1545, accuracy= 0.0312, norm=07.748, lr=0.0001 (epochs=0.0, steps/min= 0, stories/min=14)
   2: cost=5.2319, accuracy= 0.0000, norm=15.898, lr=0.0001 (epochs=0.0, steps/min= 0, stories/min= 9)
   3: cost=5.2046, accuracy= 0.0000, norm=05.943, lr=0.0001 (epochs=0.0, steps/min= 1, stories/min=41)
   4: cost=5.2693, accuracy= 0.0000, norm=38.143, lr=0.0001 (epochs=0.0, steps/min= 0, stories/min= 7)
   5: cost=5.2237, accuracy= 0.0000, norm=46.490, lr=0.0001 (epochs=0.0, steps/min= 1, stories/min=16)
   6: cost=5.2415, accuracy= 0.0000, norm=06.556, lr=0.0001 (epochs=0.0, steps/min= 1, stories/min=41)
   7: cost=5.1703, accuracy= 0.0000, norm=04.409, lr=0.0001 (epochs=0.0, steps/min= 0, stories/min=14)
   8: cost=5.2095, accuracy= 0.0312, norm=26.194, lr=0.0001 (epochs=0.0, steps/min= 0, stories/min=12)
   9: cost=5.1662, accuracy= 0.0000, norm=08.884, lr=0.0001 (epochs=0.0, steps/min= 0, stories/min= 7)
  10: cost=5.2563, accuracy= 0.0312, norm=14.081, lr=0.0001 (epochs=0.0, steps/min= 0, stories/min= 9)
  11: cost=5.1635, accuracy= 0.0312, norm=06.071, lr=0.0001 (epochs=0.0, steps/min= 1, stories/min=21)
  12: cost=5.1505, accuracy= 0.0000, norm=09.162, lr=0.0001 (epochs=0.0, steps/min= 0, stories/min=12)
  13: cost=5.0953, accuracy= 0.0000, norm=06.525, lr=0.0001 (epochs=0.0, steps/min= 0, stories/min= 7)
  14: cost=5.1464, accuracy= 0.0000, norm=07.435, lr=0.0001 (epochs=0.0, steps/min= 0, stories/min=14)
  15: cost=4.9947, accuracy= 0.0312, norm=07.401, lr=0.0001 (epochs=0.0, steps/min= 0, stories/min=11)
  16: cost=5.0911, accuracy= 0.0000, norm=15.954, lr=0.0001 (epochs=0.0, steps/min= 0, stories/min= 7)
  17: cost=5.1088, accuracy= 0.0312, norm=11.697, lr=0.0001 (epochs=0.0, steps/min= 0, stories/min= 7)
  18: cost=4.9799, accuracy= 0.0312, norm=19.576, lr=0.0001 (epochs=0.0, steps/min= 0, stories/min= 7)
  19: cost=4.8501, accuracy= 0.0625, norm=06.058, lr=0.0001 (epochs=0.0, steps/min= 0, stories/min= 7)
  20: cost=4.9702, accuracy= 0.0000, norm=10.286, lr=0.0001 (epochs=0.0, steps/min= 0, stories/min= 7)
  21: cost=4.8069, accuracy= 0.0312, norm=06.515, lr=0.0001 (epochs=0.0, steps/min= 0, stories/min= 8)
  22: cost=4.8142, accuracy= 0.0625, norm=21.600, lr=0.0001 (epochs=0.0, steps/min= 0, stories/min=12)
  23: cost=4.9946, accuracy= 0.0312, norm=08.323, lr=0.0001 (epochs=0.0, steps/min= 0, stories/min= 7)
  24: cost=4.8804, accuracy= 0.0625, norm=07.184, lr=0.0001 (epochs=0.0, steps/min= 0, stories/min=12)
  25: cost=4.8527, accuracy= 0.1250, norm=10.666, lr=0.0001 (epochs=0.0, steps/min= 0, stories/min=12)
  26: cost=5.0871, accuracy= 0.0312, norm=18.734, lr=0.0001 (epochs=0.0, steps/min= 0, stories/min= 7)
  27: cost=4.7635, accuracy= 0.0312, norm=14.095, lr=0.0001 (epochs=0.0, steps/min= 0, stories/min= 7)
  28: cost=4.6753, accuracy= 0.0938, norm=03.920, lr=0.0001 (epochs=0.0, steps/min= 0, stories/min= 8)
  29: cost=4.8454, accuracy= 0.0312, norm=04.808, lr=0.0001 (epochs=0.0, steps/min= 1, stories/min=16)
  30: cost=4.8697, accuracy= 0.0000, norm=04.975, lr=0.0001 (epochs=0.0, steps/min= 0, stories/min=14)
  31: cost=5.0179, accuracy= 0.0938, norm=07.500, lr=0.0001 (epochs=0.0, steps/min= 0, stories/min=10)
  32: cost=4.8720, accuracy= 0.0000, norm=05.076, lr=0.0001 (epochs=0.0, steps/min= 1, stories/min=31)
  33: cost=4.5925, accuracy= 0.0625, norm=15.454, lr=0.0001 (epochs=0.0, steps/min= 0, stories/min= 8)
  34: cost=4.8824, accuracy= 0.0000, norm=11.559, lr=0.0001 (epochs=0.0, steps/min= 0, stories/min= 7)
  35: cost=4.6407, accuracy= 0.0938, norm=09.048, lr=0.0001 (epochs=0.0, steps/min= 0, stories/min= 7)
  36: cost=4.7996, accuracy= 0.0625, norm=11.069, lr=0.0001 (epochs=0.0, steps/min= 0, stories/min= 7)
  37: cost=4.7060, accuracy= 0.0312, norm=06.207, lr=0.0001 (epochs=0.0, steps/min= 0, stories/min= 7)
  38: cost=4.6024, accuracy= 0.0625, norm=07.288, lr=0.0001 (epochs=0.0, steps/min= 0, stories/min= 7)
  39: cost=4.5044, accuracy= 0.1875, norm=22.730, lr=0.0001 (epochs=0.0, steps/min= 1, stories/min=20)
  40: cost=4.5748, accuracy= 0.0625, norm=04.465, lr=0.0001 (epochs=0.0, steps/min= 0, stories/min= 7)
  41: cost=4.7372, accuracy= 0.0625, norm=10.321, lr=0.0001 (epochs=0.0, steps/min= 1, stories/min=17)
  42: cost=4.3526, accuracy= 0.1250, norm=13.763, lr=0.0001 (epochs=0.0, steps/min= 0, stories/min=16)
  43: cost=4.5917, accuracy= 0.0625, norm=05.308, lr=0.0001 (epochs=0.0, steps/min= 1, stories/min=19)
  44: cost=4.6631, accuracy= 0.0625, norm=30.334, lr=0.0001 (epochs=0.0, steps/min= 1, stories/min=21)
  45: cost=4.5733, accuracy= 0.0312, norm=05.629, lr=0.0001 (epochs=0.0, steps/min= 0, stories/min= 7)
  46: cost=4.5577, accuracy= 0.0625, norm=12.298, lr=0.0001 (epochs=0.0, steps/min= 0, stories/min= 7)
  47: cost=4.6380, accuracy= 0.0625, norm=96.882, lr=0.0001 (epochs=0.0, steps/min= 0, stories/min= 8)
  48: cost=4.6611, accuracy= 0.0938, norm=26.976, lr=0.0001 (epochs=0.0, steps/min= 0, stories/min= 7)
  49: cost=4.6558, accuracy= 0.0625, norm=64.690, lr=0.0001 (epochs=0.0, steps/min= 0, stories/min= 7)
slurmstepd: error: *** JOB 20075392 ON cdr255 CANCELLED AT 2019-04-24T09:07:13 DUE TO TIME LIMIT ***
